request-id,request-method,request-path,request-query,request-payload,response-status,response-content-type,response-payload,response-oops,pre-handle-timestamp,post-handle-timestamp,"after-completion-timestamp"
"7eb0c56a-4a4d-4d09-b2e7-3d06ac9968ee",GET,/,,,302,,,,849265257677300,849265309239900,849265312855800
"04d79993-adb3-41f3-9b59-e29602eb4b14",GET,/any/system/welcome,,,200,text/html;charset=utf-8,,,849265331188300,849265332620800,849270149795700
"ee553502-3d8b-4733-92b9-b96d19a2509d",GET,"/libraries/fontawesome/5.2.0/css/all.min.css",,,200,text/css,,,849270280524100,849270299863100,849270301407600
"5acc0f27-9c5a-40fe-87f9-e1b62c0fb61b",GET,"/libraries/bootstrap/4.1.3/css/bootstrap.min.css",,,200,text/css,,,849270309142900,849270323849500,849270325187400
"e5bb4c12-97c1-40b4-8cef-cd44cab63a76",GET,"/libraries/datatables/1.10.18/css/datatables.min.css",,,200,text/css,,,849270330199300,849270342371400,849270344473400
"76bf5155-d101-40f6-bfea-0a3c08f74c14",GET,"/libraries/jquery/3.3.1/js/jquery.min.js",,,200,application/javascript,,,849270349387600,849270394099800,849270395166800
"8f05ddb9-ca71-455f-b588-f2abc0a83f46",GET,"/libraries/popper.js/1.14.4/js/popper.min.js",,,200,application/javascript,,,849270399604500,849270423584700,849270425197700
"5ee63ac7-b980-4306-a8ea-849a2281f5cb",GET,"/libraries/acme/css/acme.css",,,200,text/css,,,849270430017700,849270440468300,849270441537500
"4a5a4e7c-bbac-4aba-8c70-da2b3da4e60c",GET,"/libraries/bootstrap/4.1.3/js/bootstrap.min.js",,,200,application/javascript,,,849270445879300,849270485179600,849270486459000
"fd6f425d-b05a-4b1a-a5c9-7acbd6424066",GET,"/libraries/chart.js/2.7.2/js/chart.bundle.min.js",,,200,application/javascript,,,849270491113300,849270578448900,849270579643300
"6d031aaf-50d0-4a8c-98b3-5515ca01325b",GET,"/libraries/areyousure/1.9.0/js/areyousure.min.js",,,200,application/javascript,,,849270583932500,849270612704900,849270613682500
"da8aa4b9-e94f-426d-acf5-a216b556c924",GET,"/libraries/datatables/1.10.18/js/jquery.datatables.min.js",,,200,application/javascript,,,849270618031400,849270656152400,849270657889900
"41782aa5-1fb9-438b-b344-78b11989410b",GET,"/libraries/datatables/1.10.18/js/datatables.min.js",,,200,application/javascript,,,849270666742600,849270732164000,849270733136900
"4f877397-c953-4ab7-87a9-f7a6cc3318eb",GET,"/libraries/acme/js/acme.js",,,200,application/javascript,,,849270739335600,849270749490700,849270750521500
"2d2c3112-0eae-4df0-9461-4d2551027ac4",GET,/images/banner.png,,,200,image/png,,,849270755260800,849270758397600,849270759173100
"9ab0b6be-21e0-4c85-b803-a9f96e6e96d3",GET,/images/logo.png,,,200,image/png,,,849270765805800,849270768763900,849270769492200
"8b6b0e44-da8f-4b1a-800e-f6558c2ad1d7",GET,"/libraries/fontawesome/5.2.0/webfonts/fa-solid-900.woff2",,,200,application/font-woff2,,,849270803107700,849270814008300,849270814926100
"4871dc69-572f-47a5-ac11-e9451381709b",GET,"/libraries/fontawesome/5.2.0/webfonts/fa-brands-400.woff2",,,200,application/font-woff2,,,849270819916500,849270830603000,849270831499300
"7e361e44-e7fc-4fc7-a72c-8c8dd9f9a6bf",GET,/images/favicon.ico,,,200,image/x-icon,,,849270845951200,849270865861000,849270866543500
