<<<<<<< HEAD
2025-03-29 16:48:28.498919400 INFO  acme.Launcher@main Starting Launcher using Java 21.0.4 on Coco with PID 98500 (C:\Users\SamuDP2\Desktop\Workspace-25\Frameworks\Acme-Framework-25.3.0\target\classes started by SamuDP2 in C:\Users\SamuDP2\Desktop\Workspace-25\Projects\Acme-ANS-D03) 
2025-03-29 16:48:28.500920700 DEBUG acme.Launcher@main Running with Spring Boot v2.7.18, Spring v5.3.31 
2025-03-29 16:48:28.501919900 INFO  acme.Launcher@main The following 3 profiles are active: "development", "populator", "populator#initial" 
2025-03-29 16:48:33.613882200 DEBUG acme.client.controllers.AbstractController@main Registering handler for {[GET, POST] [/authenticated/consumer/create], produces [text/html]} 
2025-03-29 16:48:33.614849700 DEBUG acme.client.controllers.AbstractController@main Registering handler for {[GET, POST] [/authenticated/consumer/update], produces [text/html]} 
2025-03-29 16:48:33.643878700 DEBUG acme.client.controllers.AbstractController@main Registering handler for {[GET, POST] [/authenticated/provider/create], produces [text/html]} 
2025-03-29 16:48:33.644884400 DEBUG acme.client.controllers.AbstractController@main Registering handler for {[GET, POST] [/authenticated/provider/update], produces [text/html]} 
2025-03-29 16:48:33.665883800 DEBUG acme.client.controllers.AbstractController@main Registering handler for {[GET, POST] [/administrator/user-account/list], produces [text/html]} 
2025-03-29 16:48:33.665883800 DEBUG acme.client.controllers.AbstractController@main Registering handler for {[GET, POST] [/administrator/user-account/show], produces [text/html]} 
2025-03-29 16:48:33.665883800 DEBUG acme.client.controllers.AbstractController@main Registering handler for {[GET, POST] [/administrator/user-account/update], produces [text/html]} 
2025-03-29 16:48:33.683881300 DEBUG acme.client.controllers.AbstractController@main Registering handler for {[GET, POST] [/anonymous/user-account/create], produces [text/html]} 
2025-03-29 16:48:33.709880100 DEBUG acme.client.controllers.AbstractController@main Registering handler for {[GET, POST] [/authenticated/user-account/update], produces [text/html]} 
2025-03-29 16:48:34.722296400 INFO  acme.Launcher@main Started Launcher in 6.836 seconds (JVM running for 16.049) 
2025-03-29 16:48:34.727295100 INFO  acme.Launcher@main Starting the Spring Framework up took 6.942 seconds. 
2025-03-29 16:48:34.796241100 DEBUG acme.internals.components.clocks.AbstractClock@main Changing base moment to 'Sat Mar 29 16:48:34 CET 2025'. 
2025-03-29 16:48:34.796241100 DEBUG acme.internals.components.clocks.AbstractClock@main Changing base moment to 'Sat Jul 30 00:00:00 CEST 2022'. 
2025-03-29 16:48:34.797239500 DEBUG acme.internals.components.clocks.SimulatedClock@main Changing clock to Sat Jul 30 00:00:00 CEST 2022. 
2025-03-29 16:48:34.797239500 DEBUG acme.client.helpers.RandomHelper@main Resetting random seed to 12345. 
2025-03-29 16:48:34.797239500 DEBUG acme.client.helpers.RandomHelper@main Resetting random seed to 12345. 
2025-03-29 16:48:34.798239800 INFO  acme.Launcher@main Current moment is Sat Jul 30 00:00:00 CEST 2022. 
2025-03-29 16:48:34.798239800 INFO  acme.Launcher@main Current random seed is 12345. 
2025-03-29 16:48:34.798239800 INFO  acme.Launcher@main Launching populator#initial in your development platform. Please, wait. 
2025-03-29 16:48:34.798239800 INFO  acme.Launcher@main Resetting application (create schema, populate initial data, reset clock, reset random generator). 
2025-03-29 16:48:34.798239800 DEBUG acme.internals.components.clocks.SimulatedClock@main Changing clock to Sat Jul 30 00:00:00 CEST 2022. 
2025-03-29 16:48:34.798239800 DEBUG acme.client.helpers.RandomHelper@main Resetting random seed to 12345. 
2025-03-29 16:48:34.798239800 DEBUG acme.client.helpers.RandomHelper@main Resetting random seed to 12345. 
2025-03-29 16:48:34.799239600 DEBUG acme.Launcher@main Populating database. 
2025-03-29 16:48:34.801240100 DEBUG acme.internals.components.database.DatabaseManager@main Starting transaction 5eabe5d9-14c9-4eb5-93ca-fb866e3030f0. 
2025-03-29 16:48:34.810241100 DEBUG acme.internals.components.database.DatabaseManager@main Executing command 'set transaction isolation level read uncommitted;'. 
2025-03-29 16:48:34.814305400 DEBUG acme.internals.components.database.DatabasePopulator@main Reading entities from 'classpath:/WEB-INF/data/initial'. 
2025-03-29 16:48:34.833244400 DEBUG acme.internals.components.database.EntityTable@main Reading entities from 'C:\Users\SamuDP2\Desktop\Workspace-25\Projects\Acme-ANS-D03\target\classes\WEB-INF\data\initial\administrator.csv'. 
2025-03-29 16:48:34.913752100 DEBUG acme.internals.components.database.EntityTable@main Reading mapping '{key=administrator-01, key:userAccount=user-account-administrator-01}' from 'C:\Users\SamuDP2\Desktop\Workspace-25\Projects\Acme-ANS-D03\target\classes\WEB-INF\data\initial\administrator.csv'. 
2025-03-29 16:48:34.915752100 DEBUG acme.internals.components.database.EntityTable@main Reading entities from 'C:\Users\SamuDP2\Desktop\Workspace-25\Projects\Acme-ANS-D03\target\classes\WEB-INF\data\initial\anonymous.csv'. 
2025-03-29 16:48:34.916750900 DEBUG acme.internals.components.database.EntityTable@main Reading mapping '{key=anonymous-01, key:userAccount=user-account-anonymous-01}' from 'C:\Users\SamuDP2\Desktop\Workspace-25\Projects\Acme-ANS-D03\target\classes\WEB-INF\data\initial\anonymous.csv'. 
2025-03-29 16:48:34.917751600 DEBUG acme.internals.components.database.EntityTable@main Reading entities from 'C:\Users\SamuDP2\Desktop\Workspace-25\Projects\Acme-ANS-D03\target\classes\WEB-INF\data\initial\user-account.csv'. 
2025-03-29 16:48:34.918752400 DEBUG acme.internals.components.database.EntityTable@main Reading mapping '{password=HIDDEN-PASSWORD, identity=UserIdentity{name: 'John', surname: 'Doe', email: 'john.doe@acme.com'}, key=user-account-anonymous-01, enabled=false, username=anonymous}' from 'C:\Users\SamuDP2\Desktop\Workspace-25\Projects\Acme-ANS-D03\target\classes\WEB-INF\data\initial\user-account.csv'. 
2025-03-29 16:48:34.919762400 DEBUG acme.internals.components.database.EntityTable@main Reading mapping '{password=administrator, identity=UserIdentity{name: 'Administrator', surname: 'Acme', email: 'administrator@acme.com'}, key=user-account-administrator-01, enabled=true, username=administrator}' from 'C:\Users\SamuDP2\Desktop\Workspace-25\Projects\Acme-ANS-D03\target\classes\WEB-INF\data\initial\user-account.csv'. 
2025-03-29 16:48:34.919762400 DEBUG acme.internals.components.database.EntityWeb@main Setting attributes of entities of class acme.client.components.principals.Administrator. 
2025-03-29 16:48:34.919762400 DEBUG acme.internals.components.database.EntityWeb@main Setting attributes of entities of class acme.client.components.principals.Anonymous. 
2025-03-29 16:48:34.919762400 DEBUG acme.internals.components.database.EntityWeb@main Setting attributes of entities of class acme.client.components.principals.UserAccount. 
2025-03-29 16:48:35.038669800 DEBUG acme.internals.components.database.EntityWeb@main Linking entities of class acme.client.components.principals.Administrator. 
2025-03-29 16:48:35.043749100 DEBUG acme.internals.components.database.EntityWeb@main Linking entities of class acme.client.components.principals.Anonymous. 
2025-03-29 16:48:35.045755100 DEBUG acme.internals.components.database.EntityWeb@main Linking entities of class acme.client.components.principals.UserAccount. 
2025-03-29 16:48:35.065666 DEBUG acme.internals.components.database.DatabaseManager@main Dropping existing database schema, if any. 
2025-03-29 16:48:35.078666400 DEBUG acme.internals.components.database.DatabaseManager@main Creating batch for transaction 5eabe5d9-14c9-4eb5-93ca-fb866e3030f0. 
2025-03-29 16:48:35.078666400 DEBUG acme.internals.components.database.DatabaseManager@main Adding 'set foreign_key_checks=0;\n' to batch in transaction 5eabe5d9-14c9-4eb5-93ca-fb866e3030f0. 
2025-03-29 16:48:35.078666400 DEBUG acme.internals.components.database.DatabaseManager@main Adding 'drop table if exists abstract_squad' to batch in transaction 5eabe5d9-14c9-4eb5-93ca-fb866e3030f0. 
2025-03-29 16:48:35.078666400 DEBUG acme.internals.components.database.DatabaseManager@main Adding 'drop table if exists activity_log' to batch in transaction 5eabe5d9-14c9-4eb5-93ca-fb866e3030f0. 
2025-03-29 16:48:35.079664700 DEBUG acme.internals.components.database.DatabaseManager@main Adding 'drop table if exists administrator' to batch in transaction 5eabe5d9-14c9-4eb5-93ca-fb866e3030f0. 
2025-03-29 16:48:35.079664700 DEBUG acme.internals.components.database.DatabaseManager@main Adding 'drop table if exists aircraft' to batch in transaction 5eabe5d9-14c9-4eb5-93ca-fb866e3030f0. 
2025-03-29 16:48:35.079664700 DEBUG acme.internals.components.database.DatabaseManager@main Adding 'drop table if exists airline' to batch in transaction 5eabe5d9-14c9-4eb5-93ca-fb866e3030f0. 
2025-03-29 16:48:35.079664700 DEBUG acme.internals.components.database.DatabaseManager@main Adding 'drop table if exists airport' to batch in transaction 5eabe5d9-14c9-4eb5-93ca-fb866e3030f0. 
2025-03-29 16:48:35.079664700 DEBUG acme.internals.components.database.DatabaseManager@main Adding 'drop table if exists anonymous' to batch in transaction 5eabe5d9-14c9-4eb5-93ca-fb866e3030f0. 
2025-03-29 16:48:35.079664700 DEBUG acme.internals.components.database.DatabaseManager@main Adding 'drop table if exists any' to batch in transaction 5eabe5d9-14c9-4eb5-93ca-fb866e3030f0. 
2025-03-29 16:48:35.079664700 DEBUG acme.internals.components.database.DatabaseManager@main Adding 'drop table if exists assistance_agents' to batch in transaction 5eabe5d9-14c9-4eb5-93ca-fb866e3030f0. 
2025-03-29 16:48:35.079664700 DEBUG acme.internals.components.database.DatabaseManager@main Adding 'drop table if exists authenticated' to batch in transaction 5eabe5d9-14c9-4eb5-93ca-fb866e3030f0. 
2025-03-29 16:48:35.079664700 DEBUG acme.internals.components.database.DatabaseManager@main Adding 'drop table if exists booking' to batch in transaction 5eabe5d9-14c9-4eb5-93ca-fb866e3030f0. 
2025-03-29 16:48:35.079664700 DEBUG acme.internals.components.database.DatabaseManager@main Adding 'drop table if exists claim' to batch in transaction 5eabe5d9-14c9-4eb5-93ca-fb866e3030f0. 
2025-03-29 16:48:35.079664700 DEBUG acme.internals.components.database.DatabaseManager@main Adding 'drop table if exists consumer' to batch in transaction 5eabe5d9-14c9-4eb5-93ca-fb866e3030f0. 
2025-03-29 16:48:35.079664700 DEBUG acme.internals.components.database.DatabaseManager@main Adding 'drop table if exists customers' to batch in transaction 5eabe5d9-14c9-4eb5-93ca-fb866e3030f0. 
2025-03-29 16:48:35.079664700 DEBUG acme.internals.components.database.DatabaseManager@main Adding 'drop table if exists flight' to batch in transaction 5eabe5d9-14c9-4eb5-93ca-fb866e3030f0. 
2025-03-29 16:48:35.079664700 DEBUG acme.internals.components.database.DatabaseManager@main Adding 'drop table if exists flight_leg' to batch in transaction 5eabe5d9-14c9-4eb5-93ca-fb866e3030f0. 
2025-03-29 16:48:35.079664700 DEBUG acme.internals.components.database.DatabaseManager@main Adding 'drop table if exists flight_assignment' to batch in transaction 5eabe5d9-14c9-4eb5-93ca-fb866e3030f0. 
2025-03-29 16:48:35.079664700 DEBUG acme.internals.components.database.DatabaseManager@main Adding 'drop table if exists flight_crew_member' to batch in transaction 5eabe5d9-14c9-4eb5-93ca-fb866e3030f0. 
2025-03-29 16:48:35.079664700 DEBUG acme.internals.components.database.DatabaseManager@main Adding 'drop table if exists hibernate_sequences' to batch in transaction 5eabe5d9-14c9-4eb5-93ca-fb866e3030f0. 
2025-03-29 16:48:35.080665300 DEBUG acme.internals.components.database.DatabaseManager@main Adding 'drop table if exists involves' to batch in transaction 5eabe5d9-14c9-4eb5-93ca-fb866e3030f0. 
2025-03-29 16:48:35.080665300 DEBUG acme.internals.components.database.DatabaseManager@main Adding 'drop table if exists leg' to batch in transaction 5eabe5d9-14c9-4eb5-93ca-fb866e3030f0. 
2025-03-29 16:48:35.080665300 DEBUG acme.internals.components.database.DatabaseManager@main Adding 'drop table if exists maintenance_record' to batch in transaction 5eabe5d9-14c9-4eb5-93ca-fb866e3030f0. 
2025-03-29 16:48:35.080665300 DEBUG acme.internals.components.database.DatabaseManager@main Adding 'drop table if exists manager' to batch in transaction 5eabe5d9-14c9-4eb5-93ca-fb866e3030f0. 
2025-03-29 16:48:35.080665300 DEBUG acme.internals.components.database.DatabaseManager@main Adding 'drop table if exists passenger' to batch in transaction 5eabe5d9-14c9-4eb5-93ca-fb866e3030f0. 
2025-03-29 16:48:35.080665300 DEBUG acme.internals.components.database.DatabaseManager@main Adding 'drop table if exists provider' to batch in transaction 5eabe5d9-14c9-4eb5-93ca-fb866e3030f0. 
2025-03-29 16:48:35.080665300 DEBUG acme.internals.components.database.DatabaseManager@main Adding 'drop table if exists review' to batch in transaction 5eabe5d9-14c9-4eb5-93ca-fb866e3030f0. 
2025-03-29 16:48:35.080665300 DEBUG acme.internals.components.database.DatabaseManager@main Adding 'drop table if exists service' to batch in transaction 5eabe5d9-14c9-4eb5-93ca-fb866e3030f0. 
2025-03-29 16:48:35.080665300 DEBUG acme.internals.components.database.DatabaseManager@main Adding 'drop table if exists task' to batch in transaction 5eabe5d9-14c9-4eb5-93ca-fb866e3030f0. 
2025-03-29 16:48:35.080665300 DEBUG acme.internals.components.database.DatabaseManager@main Adding 'drop table if exists technician' to batch in transaction 5eabe5d9-14c9-4eb5-93ca-fb866e3030f0. 
2025-03-29 16:48:35.080665300 DEBUG acme.internals.components.database.DatabaseManager@main Adding 'drop table if exists user_account' to batch in transaction 5eabe5d9-14c9-4eb5-93ca-fb866e3030f0. 
2025-03-29 16:48:35.080665300 DEBUG acme.internals.components.database.DatabaseManager@main Adding 'set foreign_key_checks=1;\n' to batch in transaction 5eabe5d9-14c9-4eb5-93ca-fb866e3030f0. 
2025-03-29 16:48:35.080665300 DEBUG acme.internals.components.database.DatabaseManager@main Submitting batch in transaction 5eabe5d9-14c9-4eb5-93ca-fb866e3030f0. 
2025-03-29 16:48:35.202196400 DEBUG acme.internals.components.database.DatabaseManager@main Creating database schema. 
2025-03-29 16:48:35.209192100 DEBUG acme.internals.components.database.DatabaseManager@main Creating batch for transaction 5eabe5d9-14c9-4eb5-93ca-fb866e3030f0. 
2025-03-29 16:48:35.209192100 DEBUG acme.internals.components.database.DatabaseManager@main Adding 'set foreign_key_checks=0;\n' to batch in transaction 5eabe5d9-14c9-4eb5-93ca-fb866e3030f0. 
2025-03-29 16:48:35.210192500 DEBUG acme.internals.components.database.DatabaseManager@main Adding 'create table abstract_squad (id integer not null, version integer not null, user_account_id integer not null, primary key (id)) engine=InnoDB' to batch in transaction 5eabe5d9-14c9-4eb5-93ca-fb866e3030f0. 
2025-03-29 16:48:35.210192500 DEBUG acme.internals.components.database.DatabaseManager@main Adding 'create table activity_log (id integer not null, version integer not null, description varchar(255), registration_moment datetime(6), severity_level integer, type_of_incident varchar(255), flight_assignment_id integer not null, primary key (id)) engine=InnoDB' to batch in transaction 5eabe5d9-14c9-4eb5-93ca-fb866e3030f0. 
2025-03-29 16:48:35.210192500 DEBUG acme.internals.components.database.DatabaseManager@main Adding 'create table administrator (id integer not null, version integer not null, user_account_id integer not null, primary key (id)) engine=InnoDB' to batch in transaction 5eabe5d9-14c9-4eb5-93ca-fb866e3030f0. 
2025-03-29 16:48:35.210192500 DEBUG acme.internals.components.database.DatabaseManager@main Adding 'create table aircraft (id integer not null, version integer not null, capacity integer, cargo_weight integer, details varchar(255), model varchar(255), registration_number varchar(255), status integer, airline_id integer not null, primary key (id)) engine=InnoDB' to batch in transaction 5eabe5d9-14c9-4eb5-93ca-fb866e3030f0. 
2025-03-29 16:48:35.210192500 DEBUG acme.internals.components.database.DatabaseManager@main Adding 'create table airline (id integer not null, version integer not null, iatacode varchar(255), email varchar(255), foundation_moment datetime(6), name varchar(255), phone_number varchar(255), type integer, website varchar(255), primary key (id)) engine=InnoDB' to batch in transaction 5eabe5d9-14c9-4eb5-93ca-fb866e3030f0. 
2025-03-29 16:48:35.210192500 DEBUG acme.internals.components.database.DatabaseManager@main Adding 'create table airport (id integer not null, version integer not null, city varchar(255), country varchar(255), email varchar(255), iata_code varchar(255), name varchar(255), phone_number varchar(255), scope integer, website varchar(255), primary key (id)) engine=InnoDB' to batch in transaction 5eabe5d9-14c9-4eb5-93ca-fb866e3030f0. 
2025-03-29 16:48:35.210192500 DEBUG acme.internals.components.database.DatabaseManager@main Adding 'create table anonymous (id integer not null, version integer not null, user_account_id integer not null, primary key (id)) engine=InnoDB' to batch in transaction 5eabe5d9-14c9-4eb5-93ca-fb866e3030f0. 
2025-03-29 16:48:35.210192500 DEBUG acme.internals.components.database.DatabaseManager@main Adding 'create table any (id integer not null, version integer not null, user_account_id integer not null, primary key (id)) engine=InnoDB' to batch in transaction 5eabe5d9-14c9-4eb5-93ca-fb866e3030f0. 
2025-03-29 16:48:35.210192500 DEBUG acme.internals.components.database.DatabaseManager@main Adding 'create table assistance_agents (id integer not null, version integer not null, user_account_id integer not null, bio varchar(255), date_started datetime(6), employee_code varchar(255), photo_link varchar(255), salary_amount double precision, salary_currency varchar(255), spoken_lenguages varchar(255), airline_id integer not null, primary key (id)) engine=InnoDB' to batch in transaction 5eabe5d9-14c9-4eb5-93ca-fb866e3030f0. 
2025-03-29 16:48:35.210192500 DEBUG acme.internals.components.database.DatabaseManager@main Adding 'create table authenticated (id integer not null, version integer not null, user_account_id integer not null, primary key (id)) engine=InnoDB' to batch in transaction 5eabe5d9-14c9-4eb5-93ca-fb866e3030f0. 
2025-03-29 16:48:35.210192500 DEBUG acme.internals.components.database.DatabaseManager@main Adding 'create table booking (id integer not null, version integer not null, last_nibble varchar(255), locator_code varchar(255), price_amount double precision, price_currency varchar(255), purchase_moment datetime(6), travel_class integer, customers_id integer not null, primary key (id)) engine=InnoDB' to batch in transaction 5eabe5d9-14c9-4eb5-93ca-fb866e3030f0. 
2025-03-29 16:48:35.210192500 DEBUG acme.internals.components.database.DatabaseManager@main Adding 'create table claim (id integer not null, version integer not null, description varchar(255), email varchar(255), indicator bit, registration_moment datetime(6), type integer, assistance_agent_id integer, primary key (id)) engine=InnoDB' to batch in transaction 5eabe5d9-14c9-4eb5-93ca-fb866e3030f0. 
2025-03-29 16:48:35.210192500 DEBUG acme.internals.components.database.DatabaseManager@main Adding 'create table consumer (id integer not null, version integer not null, user_account_id integer not null, company varchar(255), sector varchar(255), primary key (id)) engine=InnoDB' to batch in transaction 5eabe5d9-14c9-4eb5-93ca-fb866e3030f0. 
2025-03-29 16:48:35.210192500 DEBUG acme.internals.components.database.DatabaseManager@main Adding 'create table customers (id integer not null, version integer not null, user_account_id integer not null, city varchar(255), country varchar(255), earned_points integer, identifier varchar(255), phone_number varchar(255), physical_adress varchar(255), primary key (id)) engine=InnoDB' to batch in transaction 5eabe5d9-14c9-4eb5-93ca-fb866e3030f0. 
2025-03-29 16:48:35.210192500 DEBUG acme.internals.components.database.DatabaseManager@main Adding 'create table flight (id integer not null, version integer not null, cost_amount double precision, cost_currency varchar(255), description varchar(255), indication bit, tag varchar(255), primary key (id)) engine=InnoDB' to batch in transaction 5eabe5d9-14c9-4eb5-93ca-fb866e3030f0. 
2025-03-29 16:48:35.210192500 DEBUG acme.internals.components.database.DatabaseManager@main Adding 'create table flight_leg (flight_id integer not null, legs_id integer not null) engine=InnoDB' to batch in transaction 5eabe5d9-14c9-4eb5-93ca-fb866e3030f0. 
2025-03-29 16:48:35.210192500 DEBUG acme.internals.components.database.DatabaseManager@main Adding 'create table flight_assignment (id integer not null, version integer not null, current_status integer, duty integer, moment datetime(6), remarks varchar(255), flight_crew_member_id integer not null, leg_id integer not null, primary key (id)) engine=InnoDB' to batch in transaction 5eabe5d9-14c9-4eb5-93ca-fb866e3030f0. 
2025-03-29 16:48:35.211192100 DEBUG acme.internals.components.database.DatabaseManager@main Adding 'create table flight_crew_member (id integer not null, version integer not null, user_account_id integer not null, availability_status integer, employee_code varchar(255), language_skills varchar(255), phone_number varchar(255), salary_amount double precision, salary_currency varchar(255), years_of_experience integer, airline_id integer not null, primary key (id)) engine=InnoDB' to batch in transaction 5eabe5d9-14c9-4eb5-93ca-fb866e3030f0. 
2025-03-29 16:48:35.211192100 DEBUG acme.internals.components.database.DatabaseManager@main Adding 'create table hibernate_sequences (sequence_name varchar(255) not null, next_val bigint, primary key (sequence_name)) engine=InnoDB' to batch in transaction 5eabe5d9-14c9-4eb5-93ca-fb866e3030f0. 
2025-03-29 16:48:35.211192100 DEBUG acme.internals.components.database.DatabaseManager@main Adding 'insert into hibernate_sequences(sequence_name, next_val) values ('default',0)' to batch in transaction 5eabe5d9-14c9-4eb5-93ca-fb866e3030f0. 
2025-03-29 16:48:35.211192100 DEBUG acme.internals.components.database.DatabaseManager@main Adding 'create table involves (id integer not null, version integer not null, maintenance_record_id integer, task_id integer, primary key (id)) engine=InnoDB' to batch in transaction 5eabe5d9-14c9-4eb5-93ca-fb866e3030f0. 
2025-03-29 16:48:35.211192100 DEBUG acme.internals.components.database.DatabaseManager@main Adding 'create table leg (id integer not null, version integer not null, arrival datetime(6), departure datetime(6), duration integer, flight_number varchar(255), status integer, aircraft_id integer, arrival_airport_id integer, departure_airport_id integer, primary key (id)) engine=InnoDB' to batch in transaction 5eabe5d9-14c9-4eb5-93ca-fb866e3030f0. 
2025-03-29 16:48:35.211192100 DEBUG acme.internals.components.database.DatabaseManager@main Adding 'create table maintenance_record (id integer not null, version integer not null, estimated_cost_amount double precision, estimated_cost_currency varchar(255), moment datetime(6), next_inspection_due_time datetime(6), notes varchar(255), status integer, aircraft_id integer not null, technician_id integer not null, primary key (id)) engine=InnoDB' to batch in transaction 5eabe5d9-14c9-4eb5-93ca-fb866e3030f0. 
2025-03-29 16:48:35.211192100 DEBUG acme.internals.components.database.DatabaseManager@main Adding 'create table manager (id integer not null, version integer not null, user_account_id integer not null, birth date, identifier varchar(255), photo varchar(255), years_experience integer, primary key (id)) engine=InnoDB' to batch in transaction 5eabe5d9-14c9-4eb5-93ca-fb866e3030f0. 
2025-03-29 16:48:35.211192100 DEBUG acme.internals.components.database.DatabaseManager@main Adding 'create table passenger (id integer not null, version integer not null, date_of_birth datetime(6), email varchar(255), full_name varchar(255), passport_number varchar(255), special_needs varchar(255), primary key (id)) engine=InnoDB' to batch in transaction 5eabe5d9-14c9-4eb5-93ca-fb866e3030f0. 
2025-03-29 16:48:35.211192100 DEBUG acme.internals.components.database.DatabaseManager@main Adding 'create table provider (id integer not null, version integer not null, user_account_id integer not null, company varchar(255), sector varchar(255), primary key (id)) engine=InnoDB' to batch in transaction 5eabe5d9-14c9-4eb5-93ca-fb866e3030f0. 
2025-03-29 16:48:35.211192100 DEBUG acme.internals.components.database.DatabaseManager@main Adding 'create table review (id integer not null, version integer not null, moment datetime(6), name varchar(255), recommended bit not null, score double precision, subject varchar(255), text varchar(255), primary key (id)) engine=InnoDB' to batch in transaction 5eabe5d9-14c9-4eb5-93ca-fb866e3030f0. 
2025-03-29 16:48:35.211192100 DEBUG acme.internals.components.database.DatabaseManager@main Adding 'create table service (id integer not null, version integer not null, average_dwell_time double precision, money_amount double precision, money_currency varchar(255), name varchar(255), picture varchar(255), promotion_code varchar(255), primary key (id)) engine=InnoDB' to batch in transaction 5eabe5d9-14c9-4eb5-93ca-fb866e3030f0. 
2025-03-29 16:48:35.211192100 DEBUG acme.internals.components.database.DatabaseManager@main Adding 'create table task (id integer not null, version integer not null, description varchar(255), estimated_duration integer, priority integer, type integer, technician_id integer not null, primary key (id)) engine=InnoDB' to batch in transaction 5eabe5d9-14c9-4eb5-93ca-fb866e3030f0. 
2025-03-29 16:48:35.211192100 DEBUG acme.internals.components.database.DatabaseManager@main Adding 'create table technician (id integer not null, version integer not null, user_account_id integer not null, certifications varchar(255), experience_years integer, license_number varchar(255), passed_annual_health_test bit not null, phone_number varchar(255), specialisation varchar(255), primary key (id)) engine=InnoDB' to batch in transaction 5eabe5d9-14c9-4eb5-93ca-fb866e3030f0. 
2025-03-29 16:48:35.211192100 DEBUG acme.internals.components.database.DatabaseManager@main Adding 'create table user_account (id integer not null, version integer not null, enabled bit not null, identity blob, password varchar(255) not null, username varchar(255) not null, primary key (id)) engine=InnoDB' to batch in transaction 5eabe5d9-14c9-4eb5-93ca-fb866e3030f0. 
2025-03-29 16:48:35.211192100 DEBUG acme.internals.components.database.DatabaseManager@main Adding 'alter table aircraft add constraint UK_oo8devcdr4dgv4wow2q4dwhn9 unique (registration_number)' to batch in transaction 5eabe5d9-14c9-4eb5-93ca-fb866e3030f0. 
2025-03-29 16:48:35.211192100 DEBUG acme.internals.components.database.DatabaseManager@main Adding 'alter table airport add constraint UK_j4nn5inm55h1u68kgmvvlqjyu unique (iata_code)' to batch in transaction 5eabe5d9-14c9-4eb5-93ca-fb866e3030f0. 
2025-03-29 16:48:35.211192100 DEBUG acme.internals.components.database.DatabaseManager@main Adding 'alter table assistance_agents add constraint UK_lsspqt4miu1ypt21w885d91a0 unique (employee_code)' to batch in transaction 5eabe5d9-14c9-4eb5-93ca-fb866e3030f0. 
2025-03-29 16:48:35.211192100 DEBUG acme.internals.components.database.DatabaseManager@main Adding 'alter table booking add constraint UK_qswp559re468etm45759bgtbc unique (locator_code)' to batch in transaction 5eabe5d9-14c9-4eb5-93ca-fb866e3030f0. 
2025-03-29 16:48:35.211192100 DEBUG acme.internals.components.database.DatabaseManager@main Adding 'alter table customers add constraint UK_qlsitbmcdtise9x3q169qwj3j unique (identifier)' to batch in transaction 5eabe5d9-14c9-4eb5-93ca-fb866e3030f0. 
2025-03-29 16:48:35.211192100 DEBUG acme.internals.components.database.DatabaseManager@main Adding 'alter table flight_leg add constraint UK_f762jsidhmliayxxfp0tfgioa unique (legs_id)' to batch in transaction 5eabe5d9-14c9-4eb5-93ca-fb866e3030f0. 
2025-03-29 16:48:35.212192 DEBUG acme.internals.components.database.DatabaseManager@main Adding 'alter table leg add constraint UK_sp2c4v9t98pewv79i6qw5xoh0 unique (flight_number)' to batch in transaction 5eabe5d9-14c9-4eb5-93ca-fb866e3030f0. 
2025-03-29 16:48:35.212192 DEBUG acme.internals.components.database.DatabaseManager@main Adding 'alter table manager add constraint UK_q3w21o0fk0v9a0s6dqs3erjg3 unique (identifier)' to batch in transaction 5eabe5d9-14c9-4eb5-93ca-fb866e3030f0. 
2025-03-29 16:48:35.212192 DEBUG acme.internals.components.database.DatabaseManager@main Adding 'alter table service add constraint UK_8qlg7wyn4bjdpip2ejt7kb0uv unique (promotion_code)' to batch in transaction 5eabe5d9-14c9-4eb5-93ca-fb866e3030f0. 
2025-03-29 16:48:35.212192 DEBUG acme.internals.components.database.DatabaseManager@main Adding 'alter table technician add constraint UK_26pwge1uk3to935u1j2ay3ea3 unique (license_number)' to batch in transaction 5eabe5d9-14c9-4eb5-93ca-fb866e3030f0. 
2025-03-29 16:48:35.212192 DEBUG acme.internals.components.database.DatabaseManager@main Adding 'alter table user_account add constraint UK_castjbvpeeus0r8lbpehiu0e4 unique (username)' to batch in transaction 5eabe5d9-14c9-4eb5-93ca-fb866e3030f0. 
2025-03-29 16:48:35.212192 DEBUG acme.internals.components.database.DatabaseManager@main Adding 'alter table abstract_squad add constraint FK_6r336s2qobvtlhcicaspgws6s foreign key (user_account_id) references user_account (id)' to batch in transaction 5eabe5d9-14c9-4eb5-93ca-fb866e3030f0. 
2025-03-29 16:48:35.212192 DEBUG acme.internals.components.database.DatabaseManager@main Adding 'alter table activity_log add constraint FK56cslj1873j8j8y7bc1i5fx2q foreign key (flight_assignment_id) references flight_assignment (id)' to batch in transaction 5eabe5d9-14c9-4eb5-93ca-fb866e3030f0. 
2025-03-29 16:48:35.212192 DEBUG acme.internals.components.database.DatabaseManager@main Adding 'alter table administrator add constraint FK_2a5vcjo3stlfcwadosjfq49l1 foreign key (user_account_id) references user_account (id)' to batch in transaction 5eabe5d9-14c9-4eb5-93ca-fb866e3030f0. 
2025-03-29 16:48:35.212192 DEBUG acme.internals.components.database.DatabaseManager@main Adding 'alter table aircraft add constraint FKjlf3erek6x7moh3fya657mukb foreign key (airline_id) references airline (id)' to batch in transaction 5eabe5d9-14c9-4eb5-93ca-fb866e3030f0. 
2025-03-29 16:48:35.212192 DEBUG acme.internals.components.database.DatabaseManager@main Adding 'alter table anonymous add constraint FK_6lnbc6fo3om54vugoh8icg78m foreign key (user_account_id) references user_account (id)' to batch in transaction 5eabe5d9-14c9-4eb5-93ca-fb866e3030f0. 
2025-03-29 16:48:35.212192 DEBUG acme.internals.components.database.DatabaseManager@main Adding 'alter table any add constraint FK_26yflnlk4xrrxtkiwkag1l7lf foreign key (user_account_id) references user_account (id)' to batch in transaction 5eabe5d9-14c9-4eb5-93ca-fb866e3030f0. 
2025-03-29 16:48:35.212192 DEBUG acme.internals.components.database.DatabaseManager@main Adding 'alter table assistance_agents add constraint FKnhqochwywbd5fff78sx8c6osl foreign key (airline_id) references airline (id)' to batch in transaction 5eabe5d9-14c9-4eb5-93ca-fb866e3030f0. 
2025-03-29 16:48:35.212192 DEBUG acme.internals.components.database.DatabaseManager@main Adding 'alter table assistance_agents add constraint FK_p8abi2gchst2ij2tvnthivbi0 foreign key (user_account_id) references user_account (id)' to batch in transaction 5eabe5d9-14c9-4eb5-93ca-fb866e3030f0. 
2025-03-29 16:48:35.212192 DEBUG acme.internals.components.database.DatabaseManager@main Adding 'alter table authenticated add constraint FK_h52w0f3wjoi68b63wv9vwon57 foreign key (user_account_id) references user_account (id)' to batch in transaction 5eabe5d9-14c9-4eb5-93ca-fb866e3030f0. 
2025-03-29 16:48:35.212192 DEBUG acme.internals.components.database.DatabaseManager@main Adding 'alter table booking add constraint FKhxxb08tujvg81eellbx48tdt9 foreign key (customers_id) references customers (id)' to batch in transaction 5eabe5d9-14c9-4eb5-93ca-fb866e3030f0. 
2025-03-29 16:48:35.212192 DEBUG acme.internals.components.database.DatabaseManager@main Adding 'alter table claim add constraint FKajhxjtf44g1rd1xdxg3xejrlr foreign key (assistance_agent_id) references assistance_agents (id)' to batch in transaction 5eabe5d9-14c9-4eb5-93ca-fb866e3030f0. 
2025-03-29 16:48:35.212192 DEBUG acme.internals.components.database.DatabaseManager@main Adding 'alter table consumer add constraint FK_6cyha9f1wpj0dpbxrrjddrqed foreign key (user_account_id) references user_account (id)' to batch in transaction 5eabe5d9-14c9-4eb5-93ca-fb866e3030f0. 
2025-03-29 16:48:35.212192 DEBUG acme.internals.components.database.DatabaseManager@main Adding 'alter table customers add constraint FK_e5v8ap5qxvlkpt13ks1ah3ix3 foreign key (user_account_id) references user_account (id)' to batch in transaction 5eabe5d9-14c9-4eb5-93ca-fb866e3030f0. 
2025-03-29 16:48:35.212192 DEBUG acme.internals.components.database.DatabaseManager@main Adding 'alter table flight_leg add constraint FKl5vnktw475s02bss0xg5u8fmc foreign key (legs_id) references leg (id)' to batch in transaction 5eabe5d9-14c9-4eb5-93ca-fb866e3030f0. 
2025-03-29 16:48:35.212192 DEBUG acme.internals.components.database.DatabaseManager@main Adding 'alter table flight_leg add constraint FK3u3qsgfdppl0ka3oumgvwm63q foreign key (flight_id) references flight (id)' to batch in transaction 5eabe5d9-14c9-4eb5-93ca-fb866e3030f0. 
2025-03-29 16:48:35.212192 DEBUG acme.internals.components.database.DatabaseManager@main Adding 'alter table flight_assignment add constraint FKm42ee2lllmeg26qqhiexxmmkg foreign key (flight_crew_member_id) references flight_crew_member (id)' to batch in transaction 5eabe5d9-14c9-4eb5-93ca-fb866e3030f0. 
2025-03-29 16:48:35.213192100 DEBUG acme.internals.components.database.DatabaseManager@main Adding 'alter table flight_assignment add constraint FKoe7ddd2e8an5306v63aqgwbm foreign key (leg_id) references leg (id)' to batch in transaction 5eabe5d9-14c9-4eb5-93ca-fb866e3030f0. 
2025-03-29 16:48:35.213192100 DEBUG acme.internals.components.database.DatabaseManager@main Adding 'alter table flight_crew_member add constraint FKi06jr65tleqmay4tk6afynofh foreign key (airline_id) references airline (id)' to batch in transaction 5eabe5d9-14c9-4eb5-93ca-fb866e3030f0. 
2025-03-29 16:48:35.213192100 DEBUG acme.internals.components.database.DatabaseManager@main Adding 'alter table flight_crew_member add constraint FK_1t5yqwcpdrrufe58p4tr30muo foreign key (user_account_id) references user_account (id)' to batch in transaction 5eabe5d9-14c9-4eb5-93ca-fb866e3030f0. 
2025-03-29 16:48:35.213192100 DEBUG acme.internals.components.database.DatabaseManager@main Adding 'alter table involves add constraint FKmblt2kokh4k52g2q77cj6w2nr foreign key (maintenance_record_id) references maintenance_record (id)' to batch in transaction 5eabe5d9-14c9-4eb5-93ca-fb866e3030f0. 
2025-03-29 16:48:35.213192100 DEBUG acme.internals.components.database.DatabaseManager@main Adding 'alter table involves add constraint FKfwya72156kyqmufwc47j28tcv foreign key (task_id) references task (id)' to batch in transaction 5eabe5d9-14c9-4eb5-93ca-fb866e3030f0. 
2025-03-29 16:48:35.213192100 DEBUG acme.internals.components.database.DatabaseManager@main Adding 'alter table leg add constraint FK3qfr3quxodulkh88fx41oml05 foreign key (aircraft_id) references aircraft (id)' to batch in transaction 5eabe5d9-14c9-4eb5-93ca-fb866e3030f0. 
2025-03-29 16:48:35.213192100 DEBUG acme.internals.components.database.DatabaseManager@main Adding 'alter table leg add constraint FKrjtdkq46kxvra160xfxkhp5iw foreign key (arrival_airport_id) references airport (id)' to batch in transaction 5eabe5d9-14c9-4eb5-93ca-fb866e3030f0. 
2025-03-29 16:48:35.213192100 DEBUG acme.internals.components.database.DatabaseManager@main Adding 'alter table leg add constraint FKsytfmi22c7ttxxbybjlckmf9x foreign key (departure_airport_id) references airport (id)' to batch in transaction 5eabe5d9-14c9-4eb5-93ca-fb866e3030f0. 
2025-03-29 16:48:35.213192100 DEBUG acme.internals.components.database.DatabaseManager@main Adding 'alter table maintenance_record add constraint FKf2ch3g6ncuvp2jhuaq4fybqmw foreign key (aircraft_id) references aircraft (id)' to batch in transaction 5eabe5d9-14c9-4eb5-93ca-fb866e3030f0. 
2025-03-29 16:48:35.213192100 DEBUG acme.internals.components.database.DatabaseManager@main Adding 'alter table maintenance_record add constraint FK72j472q1ygpa9wmf41ui8hxg2 foreign key (technician_id) references technician (id)' to batch in transaction 5eabe5d9-14c9-4eb5-93ca-fb866e3030f0. 
2025-03-29 16:48:35.213192100 DEBUG acme.internals.components.database.DatabaseManager@main Adding 'alter table manager add constraint FK_be4wqnsn90vqyqi93c2007epo foreign key (user_account_id) references user_account (id)' to batch in transaction 5eabe5d9-14c9-4eb5-93ca-fb866e3030f0. 
2025-03-29 16:48:35.213192100 DEBUG acme.internals.components.database.DatabaseManager@main Adding 'alter table provider add constraint FK_b1gwnjqm6ggy9yuiqm0o4rlmd foreign key (user_account_id) references user_account (id)' to batch in transaction 5eabe5d9-14c9-4eb5-93ca-fb866e3030f0. 
2025-03-29 16:48:35.213192100 DEBUG acme.internals.components.database.DatabaseManager@main Adding 'alter table task add constraint FKtqrfessnaifhccpgj6rgcd7hp foreign key (technician_id) references technician (id)' to batch in transaction 5eabe5d9-14c9-4eb5-93ca-fb866e3030f0. 
2025-03-29 16:48:35.213192100 DEBUG acme.internals.components.database.DatabaseManager@main Adding 'alter table technician add constraint FK_3pu1tnqqiaujfqc5drtsw5f6j foreign key (user_account_id) references user_account (id)' to batch in transaction 5eabe5d9-14c9-4eb5-93ca-fb866e3030f0. 
2025-03-29 16:48:35.213192100 DEBUG acme.internals.components.database.DatabaseManager@main Adding 'set foreign_key_checks=1;\n' to batch in transaction 5eabe5d9-14c9-4eb5-93ca-fb866e3030f0. 
2025-03-29 16:48:35.213192100 DEBUG acme.internals.components.database.DatabaseManager@main Submitting batch in transaction 5eabe5d9-14c9-4eb5-93ca-fb866e3030f0. 
2025-03-29 16:48:35.611469400 DEBUG acme.internals.components.database.DatabasePopulator@main Sorting your entity clazzes topologically. 
2025-03-29 16:48:35.612477200 DEBUG acme.internals.components.database.DatabasePopulator@main Best topological order for your entity clazzes: 
2025-03-29 16:48:35.612477200 DEBUG acme.internals.components.database.DatabasePopulator@main - acme.client.components.principals.UserAccount 
2025-03-29 16:48:35.612477200 DEBUG acme.internals.components.database.DatabasePopulator@main - acme.client.components.principals.Administrator 
2025-03-29 16:48:35.612477200 DEBUG acme.internals.components.database.DatabasePopulator@main - acme.client.components.principals.Anonymous 
2025-03-29 16:48:35.612477200 DEBUG acme.internals.components.database.DatabasePopulator@main Persisting your entities. 
2025-03-29 16:48:35.612477200 DEBUG acme.internals.components.database.DatabasePopulator@main Persisting entities of clazz 'acme.client.components.principals.UserAccount'. 
2025-03-29 16:48:35.615482200 DEBUG acme.internals.components.database.DatabaseManager@main Persisting entity 'UserAccount{id = 0, version = 0, username = "anonymous", password = "$2a$05$etTwXCEWxj/pQ52pgQGNq.kiN8tZPfolq2ZEa3ZjeArw.ZNIS0KoG", enabled = false, identity = DefaultUserIdentity(name=John, surname=Doe, email=john.doe@acme.com), $assertionsDisabled = false}'. 
2025-03-29 16:48:35.622472 DEBUG org.hibernate.SQL@main select tbl.next_val from hibernate_sequences tbl where tbl.sequence_name=? for update 
2025-03-29 16:48:35.628472300 DEBUG org.hibernate.SQL@main update hibernate_sequences set next_val=?  where next_val=? and sequence_name=? 
2025-03-29 16:48:35.648007100 DEBUG acme.internals.components.database.DatabaseManager@main Persisting entity 'UserAccount{id = 0, version = 0, username = "administrator", password = "$2a$05$ZnJ2K5omIir5mOvFPWHseu3sOHYpDUdPrWMTK3AD14q200F9G6VSy", enabled = true, identity = DefaultUserIdentity(name=Administrator, surname=Acme, email=administrator@acme.com), $assertionsDisabled = false}'. 
2025-03-29 16:48:35.648007100 DEBUG org.hibernate.SQL@main select tbl.next_val from hibernate_sequences tbl where tbl.sequence_name=? for update 
2025-03-29 16:48:35.649016300 DEBUG org.hibernate.SQL@main update hibernate_sequences set next_val=?  where next_val=? and sequence_name=? 
2025-03-29 16:48:35.650010 DEBUG acme.internals.components.database.DatabaseManager@main Flushing transaction 5eabe5d9-14c9-4eb5-93ca-fb866e3030f0. 
2025-03-29 16:48:35.657014100 DEBUG org.hibernate.SQL@main insert into user_account (version, enabled, identity, password, username, id) values (?, ?, ?, ?, ?, ?) 
2025-03-29 16:48:35.658014300 TRACE org.hibernate.type.descriptor.sql.BasicBinder@main binding parameter [1] as [INTEGER] - [0] 
2025-03-29 16:48:35.659015800 TRACE org.hibernate.type.descriptor.sql.BasicBinder@main binding parameter [2] as [BOOLEAN] - [false] 
2025-03-29 16:48:35.659015800 TRACE org.hibernate.type.descriptor.sql.BasicBinder@main binding parameter [3] as [BLOB] - [DefaultUserIdentity(name=John, surname=Doe, email=john.doe@acme.com)] 
2025-03-29 16:48:35.660006200 TRACE org.hibernate.type.descriptor.sql.BasicBinder@main binding parameter [4] as [VARCHAR] - [$2a$05$etTwXCEWxj/pQ52pgQGNq.kiN8tZPfolq2ZEa3ZjeArw.ZNIS0KoG] 
2025-03-29 16:48:35.660006200 TRACE org.hibernate.type.descriptor.sql.BasicBinder@main binding parameter [5] as [VARCHAR] - [anonymous] 
2025-03-29 16:48:35.660006200 TRACE org.hibernate.type.descriptor.sql.BasicBinder@main binding parameter [6] as [INTEGER] - [1] 
2025-03-29 16:48:35.662024500 DEBUG org.hibernate.SQL@main insert into user_account (version, enabled, identity, password, username, id) values (?, ?, ?, ?, ?, ?) 
2025-03-29 16:48:35.662024500 TRACE org.hibernate.type.descriptor.sql.BasicBinder@main binding parameter [1] as [INTEGER] - [0] 
2025-03-29 16:48:35.662024500 TRACE org.hibernate.type.descriptor.sql.BasicBinder@main binding parameter [2] as [BOOLEAN] - [true] 
2025-03-29 16:48:35.662024500 TRACE org.hibernate.type.descriptor.sql.BasicBinder@main binding parameter [3] as [BLOB] - [DefaultUserIdentity(name=Administrator, surname=Acme, email=administrator@acme.com)] 
2025-03-29 16:48:35.662024500 TRACE org.hibernate.type.descriptor.sql.BasicBinder@main binding parameter [4] as [VARCHAR] - [$2a$05$ZnJ2K5omIir5mOvFPWHseu3sOHYpDUdPrWMTK3AD14q200F9G6VSy] 
2025-03-29 16:48:35.662024500 TRACE org.hibernate.type.descriptor.sql.BasicBinder@main binding parameter [5] as [VARCHAR] - [administrator] 
2025-03-29 16:48:35.662024500 TRACE org.hibernate.type.descriptor.sql.BasicBinder@main binding parameter [6] as [INTEGER] - [2] 
2025-03-29 16:48:35.663007500 DEBUG acme.internals.components.database.DatabasePopulator@main Persisting entities of clazz 'acme.client.components.principals.Administrator'. 
2025-03-29 16:48:35.664008900 DEBUG acme.internals.components.database.DatabaseManager@main Persisting entity 'Administrator{id = 0, version = 0, userAccount = acme.client.components.principals.UserAccount{id=2, version=0}, $assertionsDisabled = false}'. 
2025-03-29 16:48:35.664008900 DEBUG org.hibernate.SQL@main select tbl.next_val from hibernate_sequences tbl where tbl.sequence_name=? for update 
2025-03-29 16:48:35.664008900 DEBUG org.hibernate.SQL@main update hibernate_sequences set next_val=?  where next_val=? and sequence_name=? 
2025-03-29 16:48:35.665009300 DEBUG acme.internals.components.database.DatabaseManager@main Flushing transaction 5eabe5d9-14c9-4eb5-93ca-fb866e3030f0. 
2025-03-29 16:48:35.666007400 DEBUG org.hibernate.SQL@main insert into administrator (version, user_account_id, id) values (?, ?, ?) 
2025-03-29 16:48:35.666007400 TRACE org.hibernate.type.descriptor.sql.BasicBinder@main binding parameter [1] as [INTEGER] - [0] 
2025-03-29 16:48:35.666007400 TRACE org.hibernate.type.descriptor.sql.BasicBinder@main binding parameter [2] as [INTEGER] - [2] 
2025-03-29 16:48:35.666007400 TRACE org.hibernate.type.descriptor.sql.BasicBinder@main binding parameter [3] as [INTEGER] - [3] 
2025-03-29 16:48:35.667007200 DEBUG acme.internals.components.database.DatabasePopulator@main Persisting entities of clazz 'acme.client.components.principals.Anonymous'. 
2025-03-29 16:48:35.667007200 DEBUG acme.internals.components.database.DatabaseManager@main Persisting entity 'Anonymous{id = 0, version = 0, userAccount = acme.client.components.principals.UserAccount{id=1, version=0}, $assertionsDisabled = false}'. 
2025-03-29 16:48:35.667007200 DEBUG org.hibernate.SQL@main select tbl.next_val from hibernate_sequences tbl where tbl.sequence_name=? for update 
2025-03-29 16:48:35.668007200 DEBUG org.hibernate.SQL@main update hibernate_sequences set next_val=?  where next_val=? and sequence_name=? 
2025-03-29 16:48:35.668007200 DEBUG acme.internals.components.database.DatabaseManager@main Flushing transaction 5eabe5d9-14c9-4eb5-93ca-fb866e3030f0. 
2025-03-29 16:48:35.669007200 DEBUG org.hibernate.SQL@main insert into anonymous (version, user_account_id, id) values (?, ?, ?) 
2025-03-29 16:48:35.669007200 TRACE org.hibernate.type.descriptor.sql.BasicBinder@main binding parameter [1] as [INTEGER] - [0] 
2025-03-29 16:48:35.669007200 TRACE org.hibernate.type.descriptor.sql.BasicBinder@main binding parameter [2] as [INTEGER] - [1] 
2025-03-29 16:48:35.669007200 TRACE org.hibernate.type.descriptor.sql.BasicBinder@main binding parameter [3] as [INTEGER] - [4] 
2025-03-29 16:48:35.670006900 DEBUG acme.internals.components.database.DatabaseManager@main Committing transaction 5eabe5d9-14c9-4eb5-93ca-fb866e3030f0. 
2025-03-29 16:48:35.671007100 DEBUG acme.internals.components.database.DatabaseManager@main Starting transaction 49350fbd-5f6a-4d53-87a5-d55c7de957a4. 
2025-03-29 16:48:35.672007400 DEBUG acme.internals.components.database.DatabasePopulator@main Validating your entities. 
2025-03-29 16:48:35.752524100 DEBUG acme.internals.components.database.DatabasePopulator@main Validating 'administrator-01' ... PASS. 
2025-03-29 16:48:35.754524400 DEBUG acme.internals.components.database.DatabasePopulator@main Validating 'anonymous-01' ... PASS. 
2025-03-29 16:48:35.755522900 DEBUG acme.internals.components.database.DatabasePopulator@main Validating 'user-account-anonymous-01' ... PASS. 
2025-03-29 16:48:35.756524400 DEBUG acme.internals.components.database.DatabasePopulator@main Validating 'user-account-administrator-01' ... PASS. 
2025-03-29 16:48:35.756524400 DEBUG acme.internals.components.database.DatabaseManager@main Committing transaction 49350fbd-5f6a-4d53-87a5-d55c7de957a4. 
2025-03-29 16:48:35.756524400 DEBUG acme.internals.components.clocks.SimulatedClock@main Changing clock to Sat Jul 30 00:00:00 CEST 2022. 
2025-03-29 16:48:35.756524400 DEBUG acme.client.helpers.RandomHelper@main Resetting random seed to 12345. 
2025-03-29 16:48:35.756524400 DEBUG acme.client.helpers.RandomHelper@main Resetting random seed to 12345. 
2025-03-29 16:48:35.756524400 INFO  acme.Launcher@main Launching populator#initial took 0.958 seconds. Ready. 
2025-03-29 16:48:35.769524 INFO  acme.internals.configuration.ShutdownConfiguration@main The system is shutting down... 
2025-03-29 16:48:35.774519900 INFO  acme.Launcher@main Exiting application with status 0. 
=======
2025-03-30 11:55:09.208794200 INFO  acme.Launcher@main Starting Launcher using Java 21.0.4 on LAPTOP-HKJA4QBC with PID 20708 (C:\Users\Javie\OneDrive\Escritorio\Workspace\Workspace-25\Frameworks\Acme-Framework-25.3.0\target\classes started by Javie in C:\Users\Javie\OneDrive\Escritorio\Workspace\Workspace-25\Projects\Acme-ANS-D03) 
2025-03-30 11:55:09.210793800 DEBUG acme.Launcher@main Running with Spring Boot v2.7.18, Spring v5.3.31 
2025-03-30 11:55:09.211794200 INFO  acme.Launcher@main The following 3 profiles are active: "development", "populator", "populator#sample" 
2025-03-30 11:55:15.623944500 DEBUG acme.client.controllers.AbstractController@main Registering handler for {[GET, POST] [/authenticated/consumer/create], produces [text/html]} 
2025-03-30 11:55:15.635944100 DEBUG acme.client.controllers.AbstractController@main Registering handler for {[GET, POST] [/authenticated/consumer/update], produces [text/html]} 
2025-03-30 11:55:15.676947100 DEBUG acme.client.controllers.AbstractController@main Registering handler for {[GET, POST] [/authenticated/provider/create], produces [text/html]} 
2025-03-30 11:55:15.677947200 DEBUG acme.client.controllers.AbstractController@main Registering handler for {[GET, POST] [/authenticated/provider/update], produces [text/html]} 
2025-03-30 11:55:15.712948900 DEBUG acme.client.controllers.AbstractController@main Registering handler for {[GET, POST] [/administrator/user-account/list], produces [text/html]} 
2025-03-30 11:55:15.713948700 DEBUG acme.client.controllers.AbstractController@main Registering handler for {[GET, POST] [/administrator/user-account/show], produces [text/html]} 
2025-03-30 11:55:15.713948700 DEBUG acme.client.controllers.AbstractController@main Registering handler for {[GET, POST] [/administrator/user-account/update], produces [text/html]} 
2025-03-30 11:55:15.746133300 DEBUG acme.client.controllers.AbstractController@main Registering handler for {[GET, POST] [/anonymous/user-account/create], produces [text/html]} 
2025-03-30 11:55:15.773134900 DEBUG acme.client.controllers.AbstractController@main Registering handler for {[GET, POST] [/authenticated/user-account/update], produces [text/html]} 
2025-03-30 11:55:16.846507600 INFO  acme.Launcher@main Started Launcher in 8.414 seconds (JVM running for 9.136) 
2025-03-30 11:55:16.851508300 INFO  acme.Launcher@main Starting the Spring Framework up took 8.548 seconds. 
2025-03-30 11:55:16.945479500 DEBUG acme.internals.components.clocks.AbstractClock@main Changing base moment to 'Sun Mar 30 11:55:16 CEST 2025'. 
2025-03-30 11:55:16.947471800 DEBUG acme.internals.components.clocks.AbstractClock@main Changing base moment to 'Sat Jul 30 00:00:00 CEST 2022'. 
2025-03-30 11:55:16.947471800 DEBUG acme.internals.components.clocks.SimulatedClock@main Changing clock to Sat Jul 30 00:00:00 CEST 2022. 
2025-03-30 11:55:16.950472400 DEBUG acme.client.helpers.RandomHelper@main Resetting random seed to 12345. 
2025-03-30 11:55:16.950472400 DEBUG acme.client.helpers.RandomHelper@main Resetting random seed to 12345. 
2025-03-30 11:55:16.951473 INFO  acme.Launcher@main Current moment is Sat Jul 30 00:00:00 CEST 2022. 
2025-03-30 11:55:16.951473 INFO  acme.Launcher@main Current random seed is 12345. 
2025-03-30 11:55:16.951473 INFO  acme.Launcher@main Launching populator#sample in your development platform. Please, wait. 
2025-03-30 11:55:16.952473200 INFO  acme.Launcher@main Resetting application (create schema, populate initial and sample data, reset clock, reset random generator). 
2025-03-30 11:55:16.952473200 DEBUG acme.internals.components.clocks.SimulatedClock@main Changing clock to Sat Jul 30 00:00:00 CEST 2022. 
2025-03-30 11:55:16.952473200 DEBUG acme.client.helpers.RandomHelper@main Resetting random seed to 12345. 
2025-03-30 11:55:16.952473200 DEBUG acme.client.helpers.RandomHelper@main Resetting random seed to 12345. 
2025-03-30 11:55:16.953507100 DEBUG acme.Launcher@main Populating database. 
2025-03-30 11:55:16.959043300 DEBUG acme.internals.components.database.DatabaseManager@main Starting transaction f2276060-9d40-4789-873a-6cfc1647227e. 
2025-03-30 11:55:16.969314 DEBUG acme.internals.components.database.DatabaseManager@main Executing command 'set transaction isolation level read uncommitted;'. 
2025-03-30 11:55:16.978314600 DEBUG acme.internals.components.database.DatabasePopulator@main Reading entities from 'classpath:/WEB-INF/data/initial'. 
2025-03-30 11:55:17.007315600 DEBUG acme.internals.components.database.EntityTable@main Reading entities from 'C:\Users\Javie\OneDrive\Escritorio\Workspace\Workspace-25\Projects\Acme-ANS-D03\target\classes\WEB-INF\data\initial\administrator.csv'. 
2025-03-30 11:55:17.131027 DEBUG acme.internals.components.database.EntityTable@main Reading mapping '{key=administrator-01, key:userAccount=user-account-administrator-01}' from 'C:\Users\Javie\OneDrive\Escritorio\Workspace\Workspace-25\Projects\Acme-ANS-D03\target\classes\WEB-INF\data\initial\administrator.csv'. 
2025-03-30 11:55:17.135026600 DEBUG acme.internals.components.database.EntityTable@main Reading entities from 'C:\Users\Javie\OneDrive\Escritorio\Workspace\Workspace-25\Projects\Acme-ANS-D03\target\classes\WEB-INF\data\initial\anonymous.csv'. 
2025-03-30 11:55:17.136026300 DEBUG acme.internals.components.database.EntityTable@main Reading mapping '{key=anonymous-01, key:userAccount=user-account-anonymous-01}' from 'C:\Users\Javie\OneDrive\Escritorio\Workspace\Workspace-25\Projects\Acme-ANS-D03\target\classes\WEB-INF\data\initial\anonymous.csv'. 
2025-03-30 11:55:17.136026300 DEBUG acme.internals.components.database.EntityTable@main Reading entities from 'C:\Users\Javie\OneDrive\Escritorio\Workspace\Workspace-25\Projects\Acme-ANS-D03\target\classes\WEB-INF\data\initial\user-account.csv'. 
2025-03-30 11:55:17.137026500 DEBUG acme.internals.components.database.EntityTable@main Reading mapping '{password=HIDDEN-PASSWORD, identity=UserIdentity{name: 'John', surname: 'Doe', email: 'john.doe@acme.com'}, key=user-account-anonymous-01, enabled=false, username=anonymous}' from 'C:\Users\Javie\OneDrive\Escritorio\Workspace\Workspace-25\Projects\Acme-ANS-D03\target\classes\WEB-INF\data\initial\user-account.csv'. 
2025-03-30 11:55:17.137026500 DEBUG acme.internals.components.database.EntityTable@main Reading mapping '{password=administrator, identity=UserIdentity{name: 'Administrator', surname: 'Acme', email: 'administrator@acme.com'}, key=user-account-administrator-01, enabled=true, username=administrator}' from 'C:\Users\Javie\OneDrive\Escritorio\Workspace\Workspace-25\Projects\Acme-ANS-D03\target\classes\WEB-INF\data\initial\user-account.csv'. 
2025-03-30 11:55:17.138026400 DEBUG acme.internals.components.database.EntityWeb@main Setting attributes of entities of class acme.client.components.principals.Administrator. 
2025-03-30 11:55:17.138026400 DEBUG acme.internals.components.database.EntityWeb@main Setting attributes of entities of class acme.client.components.principals.Anonymous. 
2025-03-30 11:55:17.138026400 DEBUG acme.internals.components.database.EntityWeb@main Setting attributes of entities of class acme.client.components.principals.UserAccount. 
2025-03-30 11:55:17.319561700 DEBUG acme.internals.components.database.EntityWeb@main Linking entities of class acme.client.components.principals.Administrator. 
2025-03-30 11:55:17.329561700 DEBUG acme.internals.components.database.EntityWeb@main Linking entities of class acme.client.components.principals.Anonymous. 
2025-03-30 11:55:17.335563200 DEBUG acme.internals.components.database.EntityWeb@main Linking entities of class acme.client.components.principals.UserAccount. 
2025-03-30 11:55:17.335563200 DEBUG acme.internals.components.database.DatabasePopulator@main Reading entities from 'classpath:/WEB-INF/data/sample'. 
2025-03-30 11:55:17.338562300 DEBUG acme.internals.components.database.EntityTable@main Reading entities from 'C:\Users\Javie\OneDrive\Escritorio\Workspace\Workspace-25\Projects\Acme-ANS-D03\target\classes\WEB-INF\data\sample\administrator.csv'. 
2025-03-30 11:55:17.339563200 DEBUG acme.internals.components.database.EntityTable@main Reading mapping '{key=administrator-02, key:userAccount=user-account-administrator-02}' from 'C:\Users\Javie\OneDrive\Escritorio\Workspace\Workspace-25\Projects\Acme-ANS-D03\target\classes\WEB-INF\data\sample\administrator.csv'. 
2025-03-30 11:55:17.340561900 DEBUG acme.internals.components.database.EntityTable@main Reading mapping '{key=administrator-03, key:userAccount=user-account-administrator-03}' from 'C:\Users\Javie\OneDrive\Escritorio\Workspace\Workspace-25\Projects\Acme-ANS-D03\target\classes\WEB-INF\data\sample\administrator.csv'. 
2025-03-30 11:55:17.340561900 DEBUG acme.internals.components.database.EntityTable@main Reading entities from 'C:\Users\Javie\OneDrive\Escritorio\Workspace\Workspace-25\Projects\Acme-ANS-D03\target\classes\WEB-INF\data\sample\aircraft.csv'. 
2025-03-30 11:55:17.343022100 DEBUG acme.internals.components.database.EntityTable@main Reading mapping '{cargoWeight=3000, registrationNumber=a, model=Lorem ipsum dolor sit ame, details=Lorem ipsum dolor sit ame, key:airline=Airline-01, key=Aircraft-01, capacity=50, status=ACTIVE}' from 'C:\Users\Javie\OneDrive\Escritorio\Workspace\Workspace-25\Projects\Acme-ANS-D03\target\classes\WEB-INF\data\sample\aircraft.csv'. 
2025-03-30 11:55:17.343022100 DEBUG acme.internals.components.database.EntityTable@main Reading mapping '{cargoWeight=3000, registrationNumber=b, model=L, details=Lorem ipsum dolor sit ame, key:airline=Airline-01, key=Aircraft-02, capacity=50, status=ACTIVE}' from 'C:\Users\Javie\OneDrive\Escritorio\Workspace\Workspace-25\Projects\Acme-ANS-D03\target\classes\WEB-INF\data\sample\aircraft.csv'. 
2025-03-30 11:55:17.344025300 DEBUG acme.internals.components.database.EntityTable@main Reading mapping '{cargoWeight=3000, registrationNumber=c, model=Lo, details=Lorem ipsum dolor sit ame, key:airline=Airline-01, key=Aircraft-03, capacity=50, status=ACTIVE}' from 'C:\Users\Javie\OneDrive\Escritorio\Workspace\Workspace-25\Projects\Acme-ANS-D03\target\classes\WEB-INF\data\sample\aircraft.csv'. 
2025-03-30 11:55:17.344025300 DEBUG acme.internals.components.database.EntityTable@main Reading mapping '{cargoWeight=3000, registrationNumber=d, model=Lorem ipsum dolor sit amet, consectetur adipiscin, details=Lorem ipsum dolor sit ame, key:airline=Airline-01, key=Aircraft-04, capacity=50, status=ACTIVE}' from 'C:\Users\Javie\OneDrive\Escritorio\Workspace\Workspace-25\Projects\Acme-ANS-D03\target\classes\WEB-INF\data\sample\aircraft.csv'. 
2025-03-30 11:55:17.344025300 DEBUG acme.internals.components.database.EntityTable@main Reading mapping '{cargoWeight=3000, registrationNumber=e, model=Lorem ipsum dolor sit amet, consectetur adipiscing, details=Lorem ipsum dolor sit ame, key:airline=Airline-01, key=Aircraft-05, capacity=50, status=ACTIVE}' from 'C:\Users\Javie\OneDrive\Escritorio\Workspace\Workspace-25\Projects\Acme-ANS-D03\target\classes\WEB-INF\data\sample\aircraft.csv'. 
2025-03-30 11:55:17.345025700 DEBUG acme.internals.components.database.EntityTable@main Reading mapping '{cargoWeight=3000, registrationNumber=f, model=, details=Lorem ipsum dolor sit ame, key:airline=Airline-01, key=Aircraft-06, capacity=50, status=ACTIVE}' from 'C:\Users\Javie\OneDrive\Escritorio\Workspace\Workspace-25\Projects\Acme-ANS-D03\target\classes\WEB-INF\data\sample\aircraft.csv'. 
2025-03-30 11:55:17.346026400 DEBUG acme.internals.components.database.EntityTable@main Reading mapping '{cargoWeight=3000, registrationNumber=Lorem ipsum dolor sit ame, model=Lorem ipsum dolor sit ame, details=Lorem ipsum dolor sit ame, key:airline=Airline-01, key=Aircraft-07, capacity=50, status=ACTIVE}' from 'C:\Users\Javie\OneDrive\Escritorio\Workspace\Workspace-25\Projects\Acme-ANS-D03\target\classes\WEB-INF\data\sample\aircraft.csv'. 
2025-03-30 11:55:17.347026200 DEBUG acme.internals.components.database.EntityTable@main Reading mapping '{cargoWeight=3000, registrationNumber=L, model=Lorem ipsum dolor sit ame, details=Lorem ipsum dolor sit ame, key:airline=Airline-01, key=Aircraft-08, capacity=50, status=ACTIVE}' from 'C:\Users\Javie\OneDrive\Escritorio\Workspace\Workspace-25\Projects\Acme-ANS-D03\target\classes\WEB-INF\data\sample\aircraft.csv'. 
2025-03-30 11:55:17.347026200 DEBUG acme.internals.components.database.EntityTable@main Reading mapping '{cargoWeight=3000, registrationNumber=Lo, model=Lorem ipsum dolor sit ame, details=Lorem ipsum dolor sit ame, key:airline=Airline-01, key=Aircraft-09, capacity=50, status=ACTIVE}' from 'C:\Users\Javie\OneDrive\Escritorio\Workspace\Workspace-25\Projects\Acme-ANS-D03\target\classes\WEB-INF\data\sample\aircraft.csv'. 
2025-03-30 11:55:17.348026300 DEBUG acme.internals.components.database.EntityTable@main Reading mapping '{cargoWeight=3000, registrationNumber=Lorem ipsum dolor sit amet, consectetur adipiscin, model=Lorem ipsum dolor sit ame, details=Lorem ipsum dolor sit ame, key:airline=Airline-01, key=Aircraft-10, capacity=50, status=ACTIVE}' from 'C:\Users\Javie\OneDrive\Escritorio\Workspace\Workspace-25\Projects\Acme-ANS-D03\target\classes\WEB-INF\data\sample\aircraft.csv'. 
2025-03-30 11:55:17.348026300 DEBUG acme.internals.components.database.EntityTable@main Reading mapping '{cargoWeight=3000, registrationNumber=Lorem ipsum dolor sit amet, consectetur adipiscing, model=Lorem ipsum dolor sit ame, details=Lorem ipsum dolor sit ame, key:airline=Airline-01, key=Aircraft-11, capacity=50, status=ACTIVE}' from 'C:\Users\Javie\OneDrive\Escritorio\Workspace\Workspace-25\Projects\Acme-ANS-D03\target\classes\WEB-INF\data\sample\aircraft.csv'. 
2025-03-30 11:55:17.348026300 DEBUG acme.internals.components.database.EntityTable@main Reading mapping '{cargoWeight=3000, registrationNumber=, model=Lorem ipsum dolor sit ame, details=Lorem ipsum dolor sit ame, key:airline=Airline-01, key=Aircraft-12, capacity=50, status=ACTIVE}' from 'C:\Users\Javie\OneDrive\Escritorio\Workspace\Workspace-25\Projects\Acme-ANS-D03\target\classes\WEB-INF\data\sample\aircraft.csv'. 
2025-03-30 11:55:17.349026 DEBUG acme.internals.components.database.EntityTable@main Reading mapping '{cargoWeight=3000, registrationNumber=g, model=Lorem ipsum dolor sit ame, details=Lorem ipsum dolor sit ame, key:airline=Airline-01, key=Aircraft-13, capacity=50, status=ACTIVE}' from 'C:\Users\Javie\OneDrive\Escritorio\Workspace\Workspace-25\Projects\Acme-ANS-D03\target\classes\WEB-INF\data\sample\aircraft.csv'. 
2025-03-30 11:55:17.349026 DEBUG acme.internals.components.database.EntityTable@main Reading mapping '{cargoWeight=3000, registrationNumber=h, model=Lorem ipsum dolor sit ame, details=Lorem ipsum dolor sit ame, key:airline=Airline-01, key=Aircraft-14, capacity=1, status=ACTIVE}' from 'C:\Users\Javie\OneDrive\Escritorio\Workspace\Workspace-25\Projects\Acme-ANS-D03\target\classes\WEB-INF\data\sample\aircraft.csv'. 
2025-03-30 11:55:17.349026 DEBUG acme.internals.components.database.EntityTable@main Reading mapping '{cargoWeight=3000, registrationNumber=i, model=Lorem ipsum dolor sit ame, details=Lorem ipsum dolor sit ame, key:airline=Airline-01, key=Aircraft-15, capacity=2, status=ACTIVE}' from 'C:\Users\Javie\OneDrive\Escritorio\Workspace\Workspace-25\Projects\Acme-ANS-D03\target\classes\WEB-INF\data\sample\aircraft.csv'. 
2025-03-30 11:55:17.350026200 DEBUG acme.internals.components.database.EntityTable@main Reading mapping '{cargoWeight=3000, registrationNumber=j, model=Lorem ipsum dolor sit ame, details=Lorem ipsum dolor sit ame, key:airline=Airline-01, key=Aircraft-16, capacity=1000, status=ACTIVE}' from 'C:\Users\Javie\OneDrive\Escritorio\Workspace\Workspace-25\Projects\Acme-ANS-D03\target\classes\WEB-INF\data\sample\aircraft.csv'. 
2025-03-30 11:55:17.350026200 DEBUG acme.internals.components.database.EntityTable@main Reading mapping '{cargoWeight=3000, registrationNumber=k, model=Lorem ipsum dolor sit ame, details=Lorem ipsum dolor sit ame, key:airline=Airline-01, key=Aircraft-17, capacity=999, status=ACTIVE}' from 'C:\Users\Javie\OneDrive\Escritorio\Workspace\Workspace-25\Projects\Acme-ANS-D03\target\classes\WEB-INF\data\sample\aircraft.csv'. 
2025-03-30 11:55:17.350026200 DEBUG acme.internals.components.database.EntityTable@main Reading mapping '{cargoWeight=3000, registrationNumber=nn, model=Lorem ipsum dolor sit ame, details=Lorem ipsum dolor sit ame, key:airline=Airline-01, key=Aircraft-18, capacity=50, status=ACTIVE}' from 'C:\Users\Javie\OneDrive\Escritorio\Workspace\Workspace-25\Projects\Acme-ANS-D03\target\classes\WEB-INF\data\sample\aircraft.csv'. 
2025-03-30 11:55:17.351026700 DEBUG acme.internals.components.database.EntityTable@main Reading mapping '{cargoWeight=2000, registrationNumber=m, model=Lorem ipsum dolor sit ame, details=Lorem ipsum dolor sit ame, key:airline=Airline-01, key=Aircraft-19, capacity=50, status=ACTIVE}' from 'C:\Users\Javie\OneDrive\Escritorio\Workspace\Workspace-25\Projects\Acme-ANS-D03\target\classes\WEB-INF\data\sample\aircraft.csv'. 
2025-03-30 11:55:17.351026700 DEBUG acme.internals.components.database.EntityTable@main Reading mapping '{cargoWeight=2001, registrationNumber=n, model=Lorem ipsum dolor sit ame, details=Lorem ipsum dolor sit ame, key:airline=Airline-01, key=Aircraft-20, capacity=50, status=ACTIVE}' from 'C:\Users\Javie\OneDrive\Escritorio\Workspace\Workspace-25\Projects\Acme-ANS-D03\target\classes\WEB-INF\data\sample\aircraft.csv'. 
2025-03-30 11:55:17.351026700 DEBUG acme.internals.components.database.EntityTable@main Reading mapping '{cargoWeight=50000, registrationNumber=o, model=Lorem ipsum dolor sit ame, details=Lorem ipsum dolor sit ame, key:airline=Airline-01, key=Aircraft-21, capacity=50, status=ACTIVE}' from 'C:\Users\Javie\OneDrive\Escritorio\Workspace\Workspace-25\Projects\Acme-ANS-D03\target\classes\WEB-INF\data\sample\aircraft.csv'. 
2025-03-30 11:55:17.351026700 DEBUG acme.internals.components.database.EntityTable@main Reading mapping '{cargoWeight=49999, registrationNumber=p, model=Lorem ipsum dolor sit ame, details=Lorem ipsum dolor sit ame, key:airline=Airline-01, key=Aircraft-22, capacity=50, status=ACTIVE}' from 'C:\Users\Javie\OneDrive\Escritorio\Workspace\Workspace-25\Projects\Acme-ANS-D03\target\classes\WEB-INF\data\sample\aircraft.csv'. 
2025-03-30 11:55:17.352026100 DEBUG acme.internals.components.database.EntityTable@main Reading mapping '{cargoWeight=3000, registrationNumber=q, model=Lorem ipsum dolor sit ame, details=Lorem ipsum dolor sit ame, key:airline=Airline-01, key=Aircraft-23, capacity=50, status=ACTIVE}' from 'C:\Users\Javie\OneDrive\Escritorio\Workspace\Workspace-25\Projects\Acme-ANS-D03\target\classes\WEB-INF\data\sample\aircraft.csv'. 
2025-03-30 11:55:17.352026100 DEBUG acme.internals.components.database.EntityTable@main Reading mapping '{cargoWeight=3000, registrationNumber=r, model=Lorem ipsum dolor sit ame, details=Lorem ipsum dolor sit ame, key:airline=Airline-01, key=Aircraft-24, capacity=50, status=MAINTENANCE}' from 'C:\Users\Javie\OneDrive\Escritorio\Workspace\Workspace-25\Projects\Acme-ANS-D03\target\classes\WEB-INF\data\sample\aircraft.csv'. 
2025-03-30 11:55:17.352026100 DEBUG acme.internals.components.database.EntityTable@main Reading mapping '{cargoWeight=3000, registrationNumber=s, model=Lorem ipsum dolor sit ame, details=Lorem ipsum dolor sit ame, key:airline=Airline-01, key=Aircraft-25, capacity=50, status=ACTIVE}' from 'C:\Users\Javie\OneDrive\Escritorio\Workspace\Workspace-25\Projects\Acme-ANS-D03\target\classes\WEB-INF\data\sample\aircraft.csv'. 
2025-03-30 11:55:17.352026100 DEBUG acme.internals.components.database.EntityTable@main Reading mapping '{cargoWeight=3000, registrationNumber=t, model=Lorem ipsum dolor sit ame, details=L, key:airline=Airline-01, key=Aircraft-26, capacity=50, status=ACTIVE}' from 'C:\Users\Javie\OneDrive\Escritorio\Workspace\Workspace-25\Projects\Acme-ANS-D03\target\classes\WEB-INF\data\sample\aircraft.csv'. 
2025-03-30 11:55:17.353026700 DEBUG acme.internals.components.database.EntityTable@main Reading mapping '{cargoWeight=3000, registrationNumber=u, model=Lorem ipsum dolor sit ame, details=Lo, key:airline=Airline-01, key=Aircraft-27, capacity=50, status=ACTIVE}' from 'C:\Users\Javie\OneDrive\Escritorio\Workspace\Workspace-25\Projects\Acme-ANS-D03\target\classes\WEB-INF\data\sample\aircraft.csv'. 
2025-03-30 11:55:17.353026700 DEBUG acme.internals.components.database.EntityTable@main Reading mapping '{cargoWeight=3000, registrationNumber=v, model=Lorem ipsum dolor sit ame, details=Lorem ipsum dolor sit amet, consectetur adipiscing elit. Sed do: eiusmod tempor incididunt ut labore et dolore magna aliqua! Ut enim ad minim veniam? Quis nostrud exercitation ullamco laboris nisi ut aliquip ex ea commodo consequat. Duis aute irure dolor, key:airline=Airline-01, key=Aircraft-28, capacity=50, status=ACTIVE}' from 'C:\Users\Javie\OneDrive\Escritorio\Workspace\Workspace-25\Projects\Acme-ANS-D03\target\classes\WEB-INF\data\sample\aircraft.csv'. 
2025-03-30 11:55:17.353026700 DEBUG acme.internals.components.database.EntityTable@main Reading mapping '{cargoWeight=3000, registrationNumber=w, model=Lorem ipsum dolor sit ame, details=Lorem ipsum dolor sit amet, consectetur adipiscing elit. Sed do: eiusmod tempor incididunt ut labore et dolore magna aliqua! Ut enim ad minim veniam? Quis nostrud exercitation ullamco laboris nisi ut aliquip ex ea commodo consequat. Duis aute irure dolor*, key:airline=Airline-01, key=Aircraft-29, capacity=50, status=ACTIVE}' from 'C:\Users\Javie\OneDrive\Escritorio\Workspace\Workspace-25\Projects\Acme-ANS-D03\target\classes\WEB-INF\data\sample\aircraft.csv'. 
2025-03-30 11:55:17.354026500 DEBUG acme.internals.components.database.EntityTable@main Reading mapping '{cargoWeight=3000, registrationNumber=x, model=Lorem ipsum dolor sit ame, details= , key:airline=Airline-01, key=Aircraft-30, capacity=50, status=ACTIVE}' from 'C:\Users\Javie\OneDrive\Escritorio\Workspace\Workspace-25\Projects\Acme-ANS-D03\target\classes\WEB-INF\data\sample\aircraft.csv'. 
2025-03-30 11:55:17.354026500 DEBUG acme.internals.components.database.EntityTable@main Reading mapping '{cargoWeight=3000, registrationNumber=y, model=Lorem ipsum dolor sit ame, details=Lorem ipsum dolor sit ame, key:airline=Airline-01, key=Aircraft-31, capacity=50, status=ACTIVE}' from 'C:\Users\Javie\OneDrive\Escritorio\Workspace\Workspace-25\Projects\Acme-ANS-D03\target\classes\WEB-INF\data\sample\aircraft.csv'. 
2025-03-30 11:55:17.355026600 DEBUG acme.internals.components.database.EntityTable@main Reading mapping '{cargoWeight=3000, registrationNumber=z, model=Lorem ipsum dolor sit ame, details=Lorem ipsum dolor sit ame, key:airline=Airline-01, key=Aircraft-32, capacity=50, status=ACTIVE}' from 'C:\Users\Javie\OneDrive\Escritorio\Workspace\Workspace-25\Projects\Acme-ANS-D03\target\classes\WEB-INF\data\sample\aircraft.csv'. 
2025-03-30 11:55:17.355026600 DEBUG acme.internals.components.database.EntityTable@main Reading mapping '{cargoWeight=3000, registrationNumber=aa, model=Lorem ipsum dolor sit ame, details=Lorem ipsum dolor sit ame, key:airline=Airline-02, key=Aircraft-33, capacity=50, status=ACTIVE}' from 'C:\Users\Javie\OneDrive\Escritorio\Workspace\Workspace-25\Projects\Acme-ANS-D03\target\classes\WEB-INF\data\sample\aircraft.csv'. 
2025-03-30 11:55:17.356026300 DEBUG acme.internals.components.database.EntityTable@main Reading entities from 'C:\Users\Javie\OneDrive\Escritorio\Workspace\Workspace-25\Projects\Acme-ANS-D03\target\classes\WEB-INF\data\sample\airline.csv'. 
2025-03-30 11:55:17.357025900 DEBUG acme.internals.components.database.EntityTable@main Reading mapping '{website=https://www.sunriseair.com, iataCode=SNA, phoneNumber=+98987654321, foundationMoment=2018/05/23 09:00, name=Sunrise Airways, type=STANDARD, key=airline-01, email=info@sunriseair.com}' from 'C:\Users\Javie\OneDrive\Escritorio\Workspace\Workspace-25\Projects\Acme-ANS-D03\target\classes\WEB-INF\data\sample\airline.csv'. 
2025-03-30 11:55:17.357025900 DEBUG acme.internals.components.database.EntityTable@main Reading mapping '{website=https://www.aeroatlantic.com, iataCode=AAT, phoneNumber=+123456789, foundationMoment=2005/09/30 10:45, name=Aero Atlantic, type=LUXURY, key=airline-02, email=contact@aeroatlantic.com}' from 'C:\Users\Javie\OneDrive\Escritorio\Workspace\Workspace-25\Projects\Acme-ANS-D03\target\classes\WEB-INF\data\sample\airline.csv'. 
2025-03-30 11:55:17.357025900 DEBUG acme.internals.components.database.EntityTable@main Reading mapping '{website=https://www.ecofly.org, iataCode=ECO, phoneNumber=+445678912345, foundationMoment=1998/12/20 08:00, name=Eco Fly, type=LOW_COST, key=airline-03, email=support@ecofly.org}' from 'C:\Users\Javie\OneDrive\Escritorio\Workspace\Workspace-25\Projects\Acme-ANS-D03\target\classes\WEB-INF\data\sample\airline.csv'. 
2025-03-30 11:55:17.357025900 DEBUG acme.internals.components.database.EntityTable@main Reading mapping '{website=https://www.bluehorizons.com, iataCode=BLH, phoneNumber=+11022334455, foundationMoment=2012/01/15 16:20, name=Blue Horizons, type=STANDARD, key=airline-04, email=}' from 'C:\Users\Javie\OneDrive\Escritorio\Workspace\Workspace-25\Projects\Acme-ANS-D03\target\classes\WEB-INF\data\sample\airline.csv'. 
2025-03-30 11:55:17.357025900 DEBUG acme.internals.components.database.EntityTable@main Reading mapping '{website=https://www.auroraairlines.com, iataCode=AUR, phoneNumber=null, foundationMoment=2017/02/01 14:30, name=Aurora Airlines, type=STANDARD, key=airline-05, email=null}' from 'C:\Users\Javie\OneDrive\Escritorio\Workspace\Workspace-25\Projects\Acme-ANS-D03\target\classes\WEB-INF\data\sample\airline.csv'. 
2025-03-30 11:55:17.358027500 DEBUG acme.internals.components.database.EntityTable@main Reading mapping '{website=https://www.skylineAAA.com, iataCode=AAA, phoneNumber=+987654321, foundationMoment=2000/07/10 08:15, name=Skyline AAAAAAAAAAAAAAAAAAAAAAAAAAAAAAAAAAAAAAAAAAAAAAAAAAAAAAAAAAAAAAAAAAAAAAAAAAAAAAAAAAAAAAAAAAAAAAAAAAAAAAAAAAAAAAAAAAAAAAAAAAAAAA, type=LUXURY, key=airline-06, email=info@skylineAAA.com}' from 'C:\Users\Javie\OneDrive\Escritorio\Workspace\Workspace-25\Projects\Acme-ANS-D03\target\classes\WEB-INF\data\sample\airline.csv'. 
2025-03-30 11:55:17.358027500 DEBUG acme.internals.components.database.EntityTable@main Reading mapping '{website=https://www.flyfast.com, iataCode=*, phoneNumber=+4433221100, foundationMoment=2010/11/05 12:00, name=FlyFast Airlines, type=LOW_COST, key=airline-07, email=support@flyfast.com}' from 'C:\Users\Javie\OneDrive\Escritorio\Workspace\Workspace-25\Projects\Acme-ANS-D03\target\classes\WEB-INF\data\sample\airline.csv'. 
2025-03-30 11:55:17.358027500 DEBUG acme.internals.components.database.EntityTable@main Reading mapping '{website=globalairways.com, iataCode=GWA, phoneNumber=+9988776655, foundationMoment=1995/03/22 18:30, name=Global Airways, type=STANDARD, key=airline-08, email=contact@globalairways.com}' from 'C:\Users\Javie\OneDrive\Escritorio\Workspace\Workspace-25\Projects\Acme-ANS-D03\target\classes\WEB-INF\data\sample\airline.csv'. 
2025-03-30 11:55:17.359027300 DEBUG acme.internals.components.database.EntityTable@main Reading mapping '{website=https://www.jetstream.com, iataCode=JSM, phoneNumber=null, foundationMoment=2015/10/30 09:45, name=Jetstream, type=PRIVATE, key=airline-09, email=contact@jetstream.com}' from 'C:\Users\Javie\OneDrive\Escritorio\Workspace\Workspace-25\Projects\Acme-ANS-D03\target\classes\WEB-INF\data\sample\airline.csv'. 
2025-03-30 11:55:17.359027300 DEBUG acme.internals.components.database.EntityTable@main Reading mapping '{website=https://www.pacificair.com, iataCode=PAC, phoneNumber=+561234567890, foundationMoment=2030/08/15 14:25, name=Pacific Airlines, type=STANDARD, key=airline-10, email=info@pacificair.com}' from 'C:\Users\Javie\OneDrive\Escritorio\Workspace\Workspace-25\Projects\Acme-ANS-D03\target\classes\WEB-INF\data\sample\airline.csv'. 
2025-03-30 11:55:17.359027300 DEBUG acme.internals.components.database.EntityTable@main Reading mapping '{website=https://www.vivaair.com, iataCode=VIV, phoneNumber=+4423456789, foundationMoment=2013/05/05 11:00, name=Viva Air, type=LOW_COST, key=airline-11, email=support.com}' from 'C:\Users\Javie\OneDrive\Escritorio\Workspace\Workspace-25\Projects\Acme-ANS-D03\target\classes\WEB-INF\data\sample\airline.csv'. 
2025-03-30 11:55:17.359027300 DEBUG acme.internals.components.database.EntityTable@main Reading mapping '{website=https://www.nimbusair.com, iataCode=NMA, phoneNumber=+34678901234723847927340191834, foundationMoment=2020/06/12 13:30, name=Nimbus Air, type=STANDARD, key=airline-12, email=null}' from 'C:\Users\Javie\OneDrive\Escritorio\Workspace\Workspace-25\Projects\Acme-ANS-D03\target\classes\WEB-INF\data\sample\airline.csv'. 
2025-03-30 11:55:17.360026800 DEBUG acme.internals.components.database.EntityTable@main Reading entities from 'C:\Users\Javie\OneDrive\Escritorio\Workspace\Workspace-25\Projects\Acme-ANS-D03\target\classes\WEB-INF\data\sample\assistance-agent.csv'. 
2025-03-30 11:55:17.361026900 DEBUG acme.internals.components.database.DatabaseManager@main Rolling transaction f2276060-9d40-4789-873a-6cfc1647227e back. 
2025-03-30 11:55:17.366027100 ERROR acme.Launcher@main acme.internals.components.database.EntityTable.from(EntityTable.java:70): C:\Users\Javie\OneDrive\Escritorio\Workspace\Workspace-25\Projects\Acme-ANS-D03\target\classes\WEB-INF\data\sample\assistance-agent.csv: C:\Users\Javie\OneDrive\Escritorio\Workspace\Workspace-25\Projects\Acme-ANS-D03\target\classes\WEB-INF\data\sample\assistance-agent.csv: could not find a class to map the entities in this resource. 
2025-03-30 11:55:17.366027100 DEBUG acme.Launcher@main The log might provide further details. 
2025-03-30 11:55:17.396028300 INFO  acme.internals.configuration.ShutdownConfiguration@main The system is shutting down... 
2025-03-30 11:55:17.420030100 INFO  acme.Launcher@main Exiting application with status 0. 
>>>>>>> branch 'main' of https://github.com/DP2-C1-049/D01.git
